Analysis & Synthesis report for single_cycle_processor
Tue Apr  7 11:23:37 2026
Quartus Prime Version 25.1std.0 Build 1129 10/21/2025 SC Lite Edition


---------------------
; Table of Contents ;
---------------------
  1. Legal Notice
  2. Analysis & Synthesis Summary
  3. Analysis & Synthesis Settings
  4. Parallel Compilation
  5. Analysis & Synthesis Source Files Read
  6. Analysis & Synthesis Resource Usage Summary
  7. Analysis & Synthesis Resource Utilization by Entity
  8. Registers Removed During Synthesis
  9. General Register Statistics
 10. Multiplexer Restructuring Statistics (Restructuring Performed)
 11. Parameter Settings for User Entity Instance: riscvsingle:rvsingle|datapath:dp|flopr:pcreg
 12. Parameter Settings for User Entity Instance: riscvsingle:rvsingle|datapath:dp|mux2:pcmux
 13. Parameter Settings for User Entity Instance: riscvsingle:rvsingle|datapath:dp|mux2:srcbmux
 14. Parameter Settings for User Entity Instance: riscvsingle:rvsingle|datapath:dp|mux3:resultmux
 15. Port Connectivity Checks: "riscvsingle:rvsingle|datapath:dp|adder:pcadd4"
 16. Port Connectivity Checks: "riscvsingle:rvsingle|controller:c"
 17. Post-Synthesis Netlist Statistics for Top Partition
 18. Elapsed Time Per Partition
 19. Analysis & Synthesis Messages
 20. Analysis & Synthesis Suppressed Messages



----------------
; Legal Notice ;
----------------
Copyright (C) 2025  Altera Corporation. All rights reserved.
Your use of Altera Corporation's design tools, logic functions 
and other software and tools, and any partner logic 
functions, and any output files from any of the foregoing 
(including device programming or simulation files), and any 
associated documentation or information are expressly subject 
to the terms and conditions of the Altera Program License 
Subscription Agreement, the Altera Quartus Prime License Agreement,
the Altera IP License Agreement, or other applicable license
agreement, including, without limitation, that your use is for
the sole purpose of programming logic devices manufactured by
Altera and sold by Altera or its authorized distributors.  Please
refer to the Altera Software License Subscription Agreements 
on the Quartus Prime software download page.



+-----------------------------------------------------------------------------------+
; Analysis & Synthesis Summary                                                      ;
+---------------------------------+-------------------------------------------------+
; Analysis & Synthesis Status     ; Successful - Tue Apr  7 11:23:37 2026           ;
; Quartus Prime Version           ; 25.1std.0 Build 1129 10/21/2025 SC Lite Edition ;
; Revision Name                   ; single_cycle_processor                          ;
; Top-level Entity Name           ; top                                             ;
; Family                          ; Cyclone V                                       ;
; Logic utilization (in ALMs)     ; N/A                                             ;
; Total registers                 ; 2848                                            ;
; Total pins                      ; 67                                              ;
; Total virtual pins              ; 0                                               ;
; Total block memory bits         ; 0                                               ;
; Total DSP Blocks                ; 0                                               ;
; Total HSSI RX PCSs              ; 0                                               ;
; Total HSSI PMA RX Deserializers ; 0                                               ;
; Total HSSI TX PCSs              ; 0                                               ;
; Total HSSI PMA TX Serializers   ; 0                                               ;
; Total PLLs                      ; 0                                               ;
; Total DLLs                      ; 0                                               ;
+---------------------------------+-------------------------------------------------+


+-------------------------------------------------------------------------------------------------------------------------------+
; Analysis & Synthesis Settings                                                                                                 ;
+---------------------------------------------------------------------------------+--------------------+------------------------+
; Option                                                                          ; Setting            ; Default Value          ;
+---------------------------------------------------------------------------------+--------------------+------------------------+
; Device                                                                          ; 5CGXFC7C6F23I7     ;                        ;
; Top-level entity name                                                           ; top                ; single_cycle_processor ;
; Family name                                                                     ; Cyclone V          ; Cyclone V              ;
; Use smart compilation                                                           ; Off                ; Off                    ;
; Enable parallel Assembler and Timing Analyzer during compilation                ; On                 ; On                     ;
; Enable compact report table                                                     ; Off                ; Off                    ;
; Restructure Multiplexers                                                        ; Auto               ; Auto                   ;
; MLAB Add Timing Constraints For Mixed-Port Feed-Through Mode Setting Don't Care ; Off                ; Off                    ;
; Create Debugging Nodes for IP Cores                                             ; Off                ; Off                    ;
; Preserve fewer node names                                                       ; On                 ; On                     ;
; Intel FPGA IP Evaluation Mode                                                   ; Enable             ; Enable                 ;
; Verilog Version                                                                 ; Verilog_2001       ; Verilog_2001           ;
; VHDL Version                                                                    ; VHDL_1993          ; VHDL_1993              ;
; State Machine Processing                                                        ; Auto               ; Auto                   ;
; Safe State Machine                                                              ; Off                ; Off                    ;
; Extract Verilog State Machines                                                  ; On                 ; On                     ;
; Extract VHDL State Machines                                                     ; On                 ; On                     ;
; Ignore Verilog initial constructs                                               ; Off                ; Off                    ;
; Iteration limit for constant Verilog loops                                      ; 5000               ; 5000                   ;
; Iteration limit for non-constant Verilog loops                                  ; 250                ; 250                    ;
; Add Pass-Through Logic to Inferred RAMs                                         ; On                 ; On                     ;
; Infer RAMs from Raw Logic                                                       ; On                 ; On                     ;
; Parallel Synthesis                                                              ; On                 ; On                     ;
; DSP Block Balancing                                                             ; Auto               ; Auto                   ;
; NOT Gate Push-Back                                                              ; On                 ; On                     ;
; Power-Up Don't Care                                                             ; On                 ; On                     ;
; Remove Redundant Logic Cells                                                    ; Off                ; Off                    ;
; Remove Duplicate Registers                                                      ; On                 ; On                     ;
; Ignore CARRY Buffers                                                            ; Off                ; Off                    ;
; Ignore CASCADE Buffers                                                          ; Off                ; Off                    ;
; Ignore GLOBAL Buffers                                                           ; Off                ; Off                    ;
; Ignore ROW GLOBAL Buffers                                                       ; Off                ; Off                    ;
; Ignore LCELL Buffers                                                            ; Off                ; Off                    ;
; Ignore SOFT Buffers                                                             ; On                 ; On                     ;
; Limit AHDL Integers to 32 Bits                                                  ; Off                ; Off                    ;
; Optimization Technique                                                          ; Balanced           ; Balanced               ;
; Carry Chain Length                                                              ; 70                 ; 70                     ;
; Auto Carry Chains                                                               ; On                 ; On                     ;
; Auto Open-Drain Pins                                                            ; On                 ; On                     ;
; Perform WYSIWYG Primitive Resynthesis                                           ; Off                ; Off                    ;
; Auto ROM Replacement                                                            ; On                 ; On                     ;
; Auto RAM Replacement                                                            ; On                 ; On                     ;
; Auto DSP Block Replacement                                                      ; On                 ; On                     ;
; Auto Shift Register Replacement                                                 ; Auto               ; Auto                   ;
; Allow Shift Register Merging across Hierarchies                                 ; Auto               ; Auto                   ;
; Auto Clock Enable Replacement                                                   ; On                 ; On                     ;
; Strict RAM Replacement                                                          ; Off                ; Off                    ;
; Allow Synchronous Control Signals                                               ; On                 ; On                     ;
; Force Use of Synchronous Clear Signals                                          ; Off                ; Off                    ;
; Auto Resource Sharing                                                           ; Off                ; Off                    ;
; Allow Any RAM Size For Recognition                                              ; Off                ; Off                    ;
; Allow Any ROM Size For Recognition                                              ; Off                ; Off                    ;
; Allow Any Shift Register Size For Recognition                                   ; Off                ; Off                    ;
; Use LogicLock Constraints during Resource Balancing                             ; On                 ; On                     ;
; Ignore translate_off and synthesis_off directives                               ; Off                ; Off                    ;
; Timing-Driven Synthesis                                                         ; On                 ; On                     ;
; Report Parameter Settings                                                       ; On                 ; On                     ;
; Report Source Assignments                                                       ; On                 ; On                     ;
; Report Connectivity Checks                                                      ; On                 ; On                     ;
; Ignore Maximum Fan-Out Assignments                                              ; Off                ; Off                    ;
; Synchronization Register Chain Length                                           ; 3                  ; 3                      ;
; Power Optimization During Synthesis                                             ; Normal compilation ; Normal compilation     ;
; HDL message level                                                               ; Level2             ; Level2                 ;
; Suppress Register Optimization Related Messages                                 ; Off                ; Off                    ;
; Number of Removed Registers Reported in Synthesis Report                        ; 5000               ; 5000                   ;
; Number of Swept Nodes Reported in Synthesis Report                              ; 5000               ; 5000                   ;
; Number of Inverted Registers Reported in Synthesis Report                       ; 100                ; 100                    ;
; Clock MUX Protection                                                            ; On                 ; On                     ;
; Auto Gated Clock Conversion                                                     ; Off                ; Off                    ;
; Block Design Naming                                                             ; Auto               ; Auto                   ;
; SDC constraint protection                                                       ; Off                ; Off                    ;
; Synthesis Effort                                                                ; Auto               ; Auto                   ;
; Shift Register Replacement - Allow Asynchronous Clear Signal                    ; On                 ; On                     ;
; Pre-Mapping Resynthesis Optimization                                            ; Off                ; Off                    ;
; Analysis & Synthesis Message Level                                              ; Medium             ; Medium                 ;
; Disable Register Merging Across Hierarchies                                     ; Auto               ; Auto                   ;
; Resource Aware Inference For Block RAM                                          ; On                 ; On                     ;
; Automatic Parallel Synthesis                                                    ; On                 ; On                     ;
; Partial Reconfiguration Bitstream ID                                            ; Off                ; Off                    ;
+---------------------------------------------------------------------------------+--------------------+------------------------+


+------------------------------------------+
; Parallel Compilation                     ;
+----------------------------+-------------+
; Processors                 ; Number      ;
+----------------------------+-------------+
; Number detected on machine ; 12          ;
; Maximum allowed            ; 10          ;
;                            ;             ;
; Average used               ; 1.00        ;
; Maximum used               ; 10          ;
;                            ;             ;
; Usage by Processor         ; % Time Used ;
;     Processor 1            ; 100.0%      ;
;     Processor 2            ;   0.0%      ;
;     Processor 3            ;   0.0%      ;
;     Processor 4            ;   0.0%      ;
;     Processor 5            ;   0.0%      ;
;     Processors 6-10        ;   0.0%      ;
+----------------------------+-------------+


+------------------------------------------------------------------------------------------------------------------------------------------------------------------------------------+
; Analysis & Synthesis Source Files Read                                                                                                                                             ;
+----------------------------------+-----------------+------------------------------+--------------------------------------------------------------------------------------+---------+
; File Name with User-Entered Path ; Used in Netlist ; File Type                    ; File Name with Absolute Path                                                         ; Library ;
+----------------------------------+-----------------+------------------------------+--------------------------------------------------------------------------------------+---------+
; single_cycle_processor.sv        ; yes             ; User SystemVerilog HDL File  ; C:/Users/jenpz/Documents/Ders/ele432/quartus projects/pre2/single_cycle_processor.sv ;         ;
; controller.sv                    ; yes             ; User SystemVerilog HDL File  ; C:/Users/jenpz/Documents/Ders/ele432/quartus projects/pre2/controller.sv             ;         ;
; maindec.sv                       ; yes             ; User SystemVerilog HDL File  ; C:/Users/jenpz/Documents/Ders/ele432/quartus projects/pre2/maindec.sv                ;         ;
; aludec.sv                        ; yes             ; User SystemVerilog HDL File  ; C:/Users/jenpz/Documents/Ders/ele432/quartus projects/pre2/aludec.sv                 ;         ;
; datapath.sv                      ; yes             ; User SystemVerilog HDL File  ; C:/Users/jenpz/Documents/Ders/ele432/quartus projects/pre2/datapath.sv               ;         ;
; adder.sv                         ; yes             ; User SystemVerilog HDL File  ; C:/Users/jenpz/Documents/Ders/ele432/quartus projects/pre2/adder.sv                  ;         ;
; extend.sv                        ; yes             ; User SystemVerilog HDL File  ; C:/Users/jenpz/Documents/Ders/ele432/quartus projects/pre2/extend.sv                 ;         ;
; flopr.sv                         ; yes             ; User SystemVerilog HDL File  ; C:/Users/jenpz/Documents/Ders/ele432/quartus projects/pre2/flopr.sv                  ;         ;
; mux2.sv                          ; yes             ; User SystemVerilog HDL File  ; C:/Users/jenpz/Documents/Ders/ele432/quartus projects/pre2/mux2.sv                   ;         ;
; mux3.sv                          ; yes             ; User SystemVerilog HDL File  ; C:/Users/jenpz/Documents/Ders/ele432/quartus projects/pre2/mux3.sv                   ;         ;
; top.sv                           ; yes             ; User SystemVerilog HDL File  ; C:/Users/jenpz/Documents/Ders/ele432/quartus projects/pre2/top.sv                    ;         ;
; imem.sv                          ; yes             ; User SystemVerilog HDL File  ; C:/Users/jenpz/Documents/Ders/ele432/quartus projects/pre2/imem.sv                   ;         ;
; dmem.sv                          ; yes             ; User SystemVerilog HDL File  ; C:/Users/jenpz/Documents/Ders/ele432/quartus projects/pre2/dmem.sv                   ;         ;
; riscvtest.txt                    ; yes             ; User File                    ; C:/Users/jenpz/Documents/Ders/ele432/quartus projects/pre2/riscvtest.txt             ;         ;
; regfile.sv                       ; yes             ; User SystemVerilog HDL File  ; C:/Users/jenpz/Documents/Ders/ele432/quartus projects/pre2/regfile.sv                ;         ;
; alu.sv                           ; yes             ; User SystemVerilog HDL File  ; C:/Users/jenpz/Documents/Ders/ele432/quartus projects/pre2/alu.sv                    ;         ;
+----------------------------------+-----------------+------------------------------+--------------------------------------------------------------------------------------+---------+


+---------------------------------------------------------+
; Analysis & Synthesis Resource Usage Summary             ;
+---------------------------------------------+-----------+
; Resource                                    ; Usage     ;
+---------------------------------------------+-----------+
; Estimate of Logic utilization (ALMs needed) ; 2162      ;
;                                             ;           ;
; Combinational ALUT usage for logic          ; 1603      ;
;     -- 7 input functions                    ; 161       ;
;     -- 6 input functions                    ; 897       ;
;     -- 5 input functions                    ; 204       ;
;     -- 4 input functions                    ; 113       ;
;     -- <=3 input functions                  ; 228       ;
;                                             ;           ;
; Dedicated logic registers                   ; 2848      ;
;                                             ;           ;
; I/O pins                                    ; 67        ;
;                                             ;           ;
; Total DSP Blocks                            ; 0         ;
;                                             ;           ;
; Maximum fan-out node                        ; clk~input ;
; Maximum fan-out                             ; 2848      ;
; Total fan-out                               ; 17280     ;
; Average fan-out                             ; 3.77      ;
+---------------------------------------------+-----------+


+------------------------------------------------------------------------------------------------------------------------------------------------------------------------------------------------------------------------------+
; Analysis & Synthesis Resource Utilization by Entity                                                                                                                                                                          ;
+------------------------------+---------------------+---------------------------+-------------------+------------+------+--------------+---------------------------------------------------------+-------------+--------------+
; Compilation Hierarchy Node   ; Combinational ALUTs ; Dedicated Logic Registers ; Block Memory Bits ; DSP Blocks ; Pins ; Virtual Pins ; Full Hierarchy Name                                     ; Entity Name ; Library Name ;
+------------------------------+---------------------+---------------------------+-------------------+------------+------+--------------+---------------------------------------------------------+-------------+--------------+
; |top                         ; 1603 (0)            ; 2848 (0)                  ; 0                 ; 0          ; 67   ; 0            ; |top                                                    ; top         ; work         ;
;    |dmem:dmem|               ; 800 (800)           ; 2048 (2048)               ; 0                 ; 0          ; 0    ; 0            ; |top|dmem:dmem                                          ; dmem        ; work         ;
;    |imem:imem|               ; 40 (40)             ; 0 (0)                     ; 0                 ; 0          ; 0    ; 0            ; |top|imem:imem                                          ; imem        ; work         ;
;    |riscvsingle:rvsingle|    ; 763 (0)             ; 800 (0)                   ; 0                 ; 0          ; 0    ; 0            ; |top|riscvsingle:rvsingle                               ; riscvsingle ; work         ;
;       |controller:c|         ; 30 (16)             ; 0 (0)                     ; 0                 ; 0          ; 0    ; 0            ; |top|riscvsingle:rvsingle|controller:c                  ; controller  ; work         ;
;          |aludec:ad|         ; 3 (3)               ; 0 (0)                     ; 0                 ; 0          ; 0    ; 0            ; |top|riscvsingle:rvsingle|controller:c|aludec:ad        ; aludec      ; work         ;
;          |maindec:md|        ; 11 (11)             ; 0 (0)                     ; 0                 ; 0          ; 0    ; 0            ; |top|riscvsingle:rvsingle|controller:c|maindec:md       ; maindec     ; work         ;
;       |datapath:dp|          ; 733 (0)             ; 800 (0)                   ; 0                 ; 0          ; 0    ; 0            ; |top|riscvsingle:rvsingle|datapath:dp                   ; datapath    ; work         ;
;          |adder:pcadd4|      ; 30 (30)             ; 0 (0)                     ; 0                 ; 0          ; 0    ; 0            ; |top|riscvsingle:rvsingle|datapath:dp|adder:pcadd4      ; adder       ; work         ;
;          |adder:pcaddbranch| ; 32 (32)             ; 0 (0)                     ; 0                 ; 0          ; 0    ; 0            ; |top|riscvsingle:rvsingle|datapath:dp|adder:pcaddbranch ; adder       ; work         ;
;          |alu:alu|           ; 149 (149)           ; 0 (0)                     ; 0                 ; 0          ; 0    ; 0            ; |top|riscvsingle:rvsingle|datapath:dp|alu:alu           ; alu         ; work         ;
;          |extend:ext|        ; 5 (5)               ; 0 (0)                     ; 0                 ; 0          ; 0    ; 0            ; |top|riscvsingle:rvsingle|datapath:dp|extend:ext        ; extend      ; work         ;
;          |flopr:pcreg|       ; 0 (0)               ; 32 (32)                   ; 0                 ; 0          ; 0    ; 0            ; |top|riscvsingle:rvsingle|datapath:dp|flopr:pcreg       ; flopr       ; work         ;
;          |mux2:srcbmux|      ; 34 (34)             ; 0 (0)                     ; 0                 ; 0          ; 0    ; 0            ; |top|riscvsingle:rvsingle|datapath:dp|mux2:srcbmux      ; mux2        ; work         ;
;          |mux3:resultmux|    ; 32 (32)             ; 0 (0)                     ; 0                 ; 0          ; 0    ; 0            ; |top|riscvsingle:rvsingle|datapath:dp|mux3:resultmux    ; mux3        ; work         ;
;          |regfile:rf|        ; 451 (451)           ; 768 (768)                 ; 0                 ; 0          ; 0    ; 0            ; |top|riscvsingle:rvsingle|datapath:dp|regfile:rf        ; regfile     ; work         ;
+------------------------------+---------------------+---------------------------+-------------------+------------+------+--------------+---------------------------------------------------------+-------------+--------------+
Note: For table entries with two numbers listed, the numbers in parentheses indicate the number of resources of the given type used by the specific entity alone. The numbers listed outside of parentheses indicate the total resources of the given type used by the specific entity and all of its sub-entities in the hierarchy.


+---------------------------------------------------------------------------------------------------+
; Registers Removed During Synthesis                                                                ;
+-----------------------------------------------------+---------------------------------------------+
; Register name                                       ; Reason for Removal                          ;
+-----------------------------------------------------+---------------------------------------------+
; riscvsingle:rvsingle|datapath:dp|regfile:rf|rf~192  ; Stuck at GND due to stuck port clock_enable ;
; riscvsingle:rvsingle|datapath:dp|regfile:rf|rf~480  ; Stuck at GND due to stuck port clock_enable ;
; riscvsingle:rvsingle|datapath:dp|regfile:rf|rf~448  ; Stuck at GND due to stuck port clock_enable ;
; riscvsingle:rvsingle|datapath:dp|regfile:rf|rf~672  ; Stuck at GND due to stuck port clock_enable ;
; riscvsingle:rvsingle|datapath:dp|regfile:rf|rf~736  ; Stuck at GND due to stuck port clock_enable ;
; riscvsingle:rvsingle|datapath:dp|regfile:rf|rf~704  ; Stuck at GND due to stuck port clock_enable ;
; riscvsingle:rvsingle|datapath:dp|regfile:rf|rf~992  ; Stuck at GND due to stuck port clock_enable ;
; riscvsingle:rvsingle|datapath:dp|regfile:rf|rf~960  ; Stuck at GND due to stuck port clock_enable ;
; riscvsingle:rvsingle|datapath:dp|regfile:rf|rf~193  ; Stuck at GND due to stuck port clock_enable ;
; riscvsingle:rvsingle|datapath:dp|regfile:rf|rf~481  ; Stuck at GND due to stuck port clock_enable ;
; riscvsingle:rvsingle|datapath:dp|regfile:rf|rf~449  ; Stuck at GND due to stuck port clock_enable ;
; riscvsingle:rvsingle|datapath:dp|regfile:rf|rf~673  ; Stuck at GND due to stuck port clock_enable ;
; riscvsingle:rvsingle|datapath:dp|regfile:rf|rf~737  ; Stuck at GND due to stuck port clock_enable ;
; riscvsingle:rvsingle|datapath:dp|regfile:rf|rf~705  ; Stuck at GND due to stuck port clock_enable ;
; riscvsingle:rvsingle|datapath:dp|regfile:rf|rf~993  ; Stuck at GND due to stuck port clock_enable ;
; riscvsingle:rvsingle|datapath:dp|regfile:rf|rf~961  ; Stuck at GND due to stuck port clock_enable ;
; riscvsingle:rvsingle|datapath:dp|regfile:rf|rf~194  ; Stuck at GND due to stuck port clock_enable ;
; riscvsingle:rvsingle|datapath:dp|regfile:rf|rf~482  ; Stuck at GND due to stuck port clock_enable ;
; riscvsingle:rvsingle|datapath:dp|regfile:rf|rf~450  ; Stuck at GND due to stuck port clock_enable ;
; riscvsingle:rvsingle|datapath:dp|regfile:rf|rf~674  ; Stuck at GND due to stuck port clock_enable ;
; riscvsingle:rvsingle|datapath:dp|regfile:rf|rf~738  ; Stuck at GND due to stuck port clock_enable ;
; riscvsingle:rvsingle|datapath:dp|regfile:rf|rf~706  ; Stuck at GND due to stuck port clock_enable ;
; riscvsingle:rvsingle|datapath:dp|regfile:rf|rf~994  ; Stuck at GND due to stuck port clock_enable ;
; riscvsingle:rvsingle|datapath:dp|regfile:rf|rf~962  ; Stuck at GND due to stuck port clock_enable ;
; riscvsingle:rvsingle|datapath:dp|regfile:rf|rf~195  ; Stuck at GND due to stuck port clock_enable ;
; riscvsingle:rvsingle|datapath:dp|regfile:rf|rf~483  ; Stuck at GND due to stuck port clock_enable ;
; riscvsingle:rvsingle|datapath:dp|regfile:rf|rf~451  ; Stuck at GND due to stuck port clock_enable ;
; riscvsingle:rvsingle|datapath:dp|regfile:rf|rf~675  ; Stuck at GND due to stuck port clock_enable ;
; riscvsingle:rvsingle|datapath:dp|regfile:rf|rf~739  ; Stuck at GND due to stuck port clock_enable ;
; riscvsingle:rvsingle|datapath:dp|regfile:rf|rf~707  ; Stuck at GND due to stuck port clock_enable ;
; riscvsingle:rvsingle|datapath:dp|regfile:rf|rf~995  ; Stuck at GND due to stuck port clock_enable ;
; riscvsingle:rvsingle|datapath:dp|regfile:rf|rf~963  ; Stuck at GND due to stuck port clock_enable ;
; riscvsingle:rvsingle|datapath:dp|regfile:rf|rf~196  ; Stuck at GND due to stuck port clock_enable ;
; riscvsingle:rvsingle|datapath:dp|regfile:rf|rf~484  ; Stuck at GND due to stuck port clock_enable ;
; riscvsingle:rvsingle|datapath:dp|regfile:rf|rf~452  ; Stuck at GND due to stuck port clock_enable ;
; riscvsingle:rvsingle|datapath:dp|regfile:rf|rf~676  ; Stuck at GND due to stuck port clock_enable ;
; riscvsingle:rvsingle|datapath:dp|regfile:rf|rf~740  ; Stuck at GND due to stuck port clock_enable ;
; riscvsingle:rvsingle|datapath:dp|regfile:rf|rf~708  ; Stuck at GND due to stuck port clock_enable ;
; riscvsingle:rvsingle|datapath:dp|regfile:rf|rf~996  ; Stuck at GND due to stuck port clock_enable ;
; riscvsingle:rvsingle|datapath:dp|regfile:rf|rf~964  ; Stuck at GND due to stuck port clock_enable ;
; riscvsingle:rvsingle|datapath:dp|regfile:rf|rf~197  ; Stuck at GND due to stuck port clock_enable ;
; riscvsingle:rvsingle|datapath:dp|regfile:rf|rf~485  ; Stuck at GND due to stuck port clock_enable ;
; riscvsingle:rvsingle|datapath:dp|regfile:rf|rf~453  ; Stuck at GND due to stuck port clock_enable ;
; riscvsingle:rvsingle|datapath:dp|regfile:rf|rf~677  ; Stuck at GND due to stuck port clock_enable ;
; riscvsingle:rvsingle|datapath:dp|regfile:rf|rf~741  ; Stuck at GND due to stuck port clock_enable ;
; riscvsingle:rvsingle|datapath:dp|regfile:rf|rf~709  ; Stuck at GND due to stuck port clock_enable ;
; riscvsingle:rvsingle|datapath:dp|regfile:rf|rf~997  ; Stuck at GND due to stuck port clock_enable ;
; riscvsingle:rvsingle|datapath:dp|regfile:rf|rf~965  ; Stuck at GND due to stuck port clock_enable ;
; riscvsingle:rvsingle|datapath:dp|regfile:rf|rf~198  ; Stuck at GND due to stuck port clock_enable ;
; riscvsingle:rvsingle|datapath:dp|regfile:rf|rf~486  ; Stuck at GND due to stuck port clock_enable ;
; riscvsingle:rvsingle|datapath:dp|regfile:rf|rf~454  ; Stuck at GND due to stuck port clock_enable ;
; riscvsingle:rvsingle|datapath:dp|regfile:rf|rf~678  ; Stuck at GND due to stuck port clock_enable ;
; riscvsingle:rvsingle|datapath:dp|regfile:rf|rf~742  ; Stuck at GND due to stuck port clock_enable ;
; riscvsingle:rvsingle|datapath:dp|regfile:rf|rf~710  ; Stuck at GND due to stuck port clock_enable ;
; riscvsingle:rvsingle|datapath:dp|regfile:rf|rf~998  ; Stuck at GND due to stuck port clock_enable ;
; riscvsingle:rvsingle|datapath:dp|regfile:rf|rf~966  ; Stuck at GND due to stuck port clock_enable ;
; riscvsingle:rvsingle|datapath:dp|regfile:rf|rf~199  ; Stuck at GND due to stuck port clock_enable ;
; riscvsingle:rvsingle|datapath:dp|regfile:rf|rf~487  ; Stuck at GND due to stuck port clock_enable ;
; riscvsingle:rvsingle|datapath:dp|regfile:rf|rf~455  ; Stuck at GND due to stuck port clock_enable ;
; riscvsingle:rvsingle|datapath:dp|regfile:rf|rf~679  ; Stuck at GND due to stuck port clock_enable ;
; riscvsingle:rvsingle|datapath:dp|regfile:rf|rf~743  ; Stuck at GND due to stuck port clock_enable ;
; riscvsingle:rvsingle|datapath:dp|regfile:rf|rf~711  ; Stuck at GND due to stuck port clock_enable ;
; riscvsingle:rvsingle|datapath:dp|regfile:rf|rf~999  ; Stuck at GND due to stuck port clock_enable ;
; riscvsingle:rvsingle|datapath:dp|regfile:rf|rf~967  ; Stuck at GND due to stuck port clock_enable ;
; riscvsingle:rvsingle|datapath:dp|regfile:rf|rf~200  ; Stuck at GND due to stuck port clock_enable ;
; riscvsingle:rvsingle|datapath:dp|regfile:rf|rf~488  ; Stuck at GND due to stuck port clock_enable ;
; riscvsingle:rvsingle|datapath:dp|regfile:rf|rf~456  ; Stuck at GND due to stuck port clock_enable ;
; riscvsingle:rvsingle|datapath:dp|regfile:rf|rf~680  ; Stuck at GND due to stuck port clock_enable ;
; riscvsingle:rvsingle|datapath:dp|regfile:rf|rf~744  ; Stuck at GND due to stuck port clock_enable ;
; riscvsingle:rvsingle|datapath:dp|regfile:rf|rf~712  ; Stuck at GND due to stuck port clock_enable ;
; riscvsingle:rvsingle|datapath:dp|regfile:rf|rf~1000 ; Stuck at GND due to stuck port clock_enable ;
; riscvsingle:rvsingle|datapath:dp|regfile:rf|rf~968  ; Stuck at GND due to stuck port clock_enable ;
; riscvsingle:rvsingle|datapath:dp|regfile:rf|rf~201  ; Stuck at GND due to stuck port clock_enable ;
; riscvsingle:rvsingle|datapath:dp|regfile:rf|rf~489  ; Stuck at GND due to stuck port clock_enable ;
; riscvsingle:rvsingle|datapath:dp|regfile:rf|rf~457  ; Stuck at GND due to stuck port clock_enable ;
; riscvsingle:rvsingle|datapath:dp|regfile:rf|rf~681  ; Stuck at GND due to stuck port clock_enable ;
; riscvsingle:rvsingle|datapath:dp|regfile:rf|rf~745  ; Stuck at GND due to stuck port clock_enable ;
; riscvsingle:rvsingle|datapath:dp|regfile:rf|rf~713  ; Stuck at GND due to stuck port clock_enable ;
; riscvsingle:rvsingle|datapath:dp|regfile:rf|rf~1001 ; Stuck at GND due to stuck port clock_enable ;
; riscvsingle:rvsingle|datapath:dp|regfile:rf|rf~969  ; Stuck at GND due to stuck port clock_enable ;
; riscvsingle:rvsingle|datapath:dp|regfile:rf|rf~202  ; Stuck at GND due to stuck port clock_enable ;
; riscvsingle:rvsingle|datapath:dp|regfile:rf|rf~490  ; Stuck at GND due to stuck port clock_enable ;
; riscvsingle:rvsingle|datapath:dp|regfile:rf|rf~458  ; Stuck at GND due to stuck port clock_enable ;
; riscvsingle:rvsingle|datapath:dp|regfile:rf|rf~682  ; Stuck at GND due to stuck port clock_enable ;
; riscvsingle:rvsingle|datapath:dp|regfile:rf|rf~746  ; Stuck at GND due to stuck port clock_enable ;
; riscvsingle:rvsingle|datapath:dp|regfile:rf|rf~714  ; Stuck at GND due to stuck port clock_enable ;
; riscvsingle:rvsingle|datapath:dp|regfile:rf|rf~1002 ; Stuck at GND due to stuck port clock_enable ;
; riscvsingle:rvsingle|datapath:dp|regfile:rf|rf~970  ; Stuck at GND due to stuck port clock_enable ;
; riscvsingle:rvsingle|datapath:dp|regfile:rf|rf~203  ; Stuck at GND due to stuck port clock_enable ;
; riscvsingle:rvsingle|datapath:dp|regfile:rf|rf~491  ; Stuck at GND due to stuck port clock_enable ;
; riscvsingle:rvsingle|datapath:dp|regfile:rf|rf~459  ; Stuck at GND due to stuck port clock_enable ;
; riscvsingle:rvsingle|datapath:dp|regfile:rf|rf~683  ; Stuck at GND due to stuck port clock_enable ;
; riscvsingle:rvsingle|datapath:dp|regfile:rf|rf~747  ; Stuck at GND due to stuck port clock_enable ;
; riscvsingle:rvsingle|datapath:dp|regfile:rf|rf~715  ; Stuck at GND due to stuck port clock_enable ;
; riscvsingle:rvsingle|datapath:dp|regfile:rf|rf~1003 ; Stuck at GND due to stuck port clock_enable ;
; riscvsingle:rvsingle|datapath:dp|regfile:rf|rf~971  ; Stuck at GND due to stuck port clock_enable ;
; riscvsingle:rvsingle|datapath:dp|regfile:rf|rf~204  ; Stuck at GND due to stuck port clock_enable ;
; riscvsingle:rvsingle|datapath:dp|regfile:rf|rf~492  ; Stuck at GND due to stuck port clock_enable ;
; riscvsingle:rvsingle|datapath:dp|regfile:rf|rf~460  ; Stuck at GND due to stuck port clock_enable ;
; riscvsingle:rvsingle|datapath:dp|regfile:rf|rf~684  ; Stuck at GND due to stuck port clock_enable ;
; riscvsingle:rvsingle|datapath:dp|regfile:rf|rf~748  ; Stuck at GND due to stuck port clock_enable ;
; riscvsingle:rvsingle|datapath:dp|regfile:rf|rf~716  ; Stuck at GND due to stuck port clock_enable ;
; riscvsingle:rvsingle|datapath:dp|regfile:rf|rf~1004 ; Stuck at GND due to stuck port clock_enable ;
; riscvsingle:rvsingle|datapath:dp|regfile:rf|rf~972  ; Stuck at GND due to stuck port clock_enable ;
; riscvsingle:rvsingle|datapath:dp|regfile:rf|rf~205  ; Stuck at GND due to stuck port clock_enable ;
; riscvsingle:rvsingle|datapath:dp|regfile:rf|rf~493  ; Stuck at GND due to stuck port clock_enable ;
; riscvsingle:rvsingle|datapath:dp|regfile:rf|rf~461  ; Stuck at GND due to stuck port clock_enable ;
; riscvsingle:rvsingle|datapath:dp|regfile:rf|rf~685  ; Stuck at GND due to stuck port clock_enable ;
; riscvsingle:rvsingle|datapath:dp|regfile:rf|rf~749  ; Stuck at GND due to stuck port clock_enable ;
; riscvsingle:rvsingle|datapath:dp|regfile:rf|rf~717  ; Stuck at GND due to stuck port clock_enable ;
; riscvsingle:rvsingle|datapath:dp|regfile:rf|rf~1005 ; Stuck at GND due to stuck port clock_enable ;
; riscvsingle:rvsingle|datapath:dp|regfile:rf|rf~973  ; Stuck at GND due to stuck port clock_enable ;
; riscvsingle:rvsingle|datapath:dp|regfile:rf|rf~206  ; Stuck at GND due to stuck port clock_enable ;
; riscvsingle:rvsingle|datapath:dp|regfile:rf|rf~494  ; Stuck at GND due to stuck port clock_enable ;
; riscvsingle:rvsingle|datapath:dp|regfile:rf|rf~462  ; Stuck at GND due to stuck port clock_enable ;
; riscvsingle:rvsingle|datapath:dp|regfile:rf|rf~686  ; Stuck at GND due to stuck port clock_enable ;
; riscvsingle:rvsingle|datapath:dp|regfile:rf|rf~750  ; Stuck at GND due to stuck port clock_enable ;
; riscvsingle:rvsingle|datapath:dp|regfile:rf|rf~718  ; Stuck at GND due to stuck port clock_enable ;
; riscvsingle:rvsingle|datapath:dp|regfile:rf|rf~1006 ; Stuck at GND due to stuck port clock_enable ;
; riscvsingle:rvsingle|datapath:dp|regfile:rf|rf~974  ; Stuck at GND due to stuck port clock_enable ;
; riscvsingle:rvsingle|datapath:dp|regfile:rf|rf~207  ; Stuck at GND due to stuck port clock_enable ;
; riscvsingle:rvsingle|datapath:dp|regfile:rf|rf~495  ; Stuck at GND due to stuck port clock_enable ;
; riscvsingle:rvsingle|datapath:dp|regfile:rf|rf~463  ; Stuck at GND due to stuck port clock_enable ;
; riscvsingle:rvsingle|datapath:dp|regfile:rf|rf~687  ; Stuck at GND due to stuck port clock_enable ;
; riscvsingle:rvsingle|datapath:dp|regfile:rf|rf~751  ; Stuck at GND due to stuck port clock_enable ;
; riscvsingle:rvsingle|datapath:dp|regfile:rf|rf~719  ; Stuck at GND due to stuck port clock_enable ;
; riscvsingle:rvsingle|datapath:dp|regfile:rf|rf~1007 ; Stuck at GND due to stuck port clock_enable ;
; riscvsingle:rvsingle|datapath:dp|regfile:rf|rf~975  ; Stuck at GND due to stuck port clock_enable ;
; riscvsingle:rvsingle|datapath:dp|regfile:rf|rf~208  ; Stuck at GND due to stuck port clock_enable ;
; riscvsingle:rvsingle|datapath:dp|regfile:rf|rf~496  ; Stuck at GND due to stuck port clock_enable ;
; riscvsingle:rvsingle|datapath:dp|regfile:rf|rf~464  ; Stuck at GND due to stuck port clock_enable ;
; riscvsingle:rvsingle|datapath:dp|regfile:rf|rf~688  ; Stuck at GND due to stuck port clock_enable ;
; riscvsingle:rvsingle|datapath:dp|regfile:rf|rf~752  ; Stuck at GND due to stuck port clock_enable ;
; riscvsingle:rvsingle|datapath:dp|regfile:rf|rf~720  ; Stuck at GND due to stuck port clock_enable ;
; riscvsingle:rvsingle|datapath:dp|regfile:rf|rf~1008 ; Stuck at GND due to stuck port clock_enable ;
; riscvsingle:rvsingle|datapath:dp|regfile:rf|rf~976  ; Stuck at GND due to stuck port clock_enable ;
; riscvsingle:rvsingle|datapath:dp|regfile:rf|rf~209  ; Stuck at GND due to stuck port clock_enable ;
; riscvsingle:rvsingle|datapath:dp|regfile:rf|rf~497  ; Stuck at GND due to stuck port clock_enable ;
; riscvsingle:rvsingle|datapath:dp|regfile:rf|rf~465  ; Stuck at GND due to stuck port clock_enable ;
; riscvsingle:rvsingle|datapath:dp|regfile:rf|rf~689  ; Stuck at GND due to stuck port clock_enable ;
; riscvsingle:rvsingle|datapath:dp|regfile:rf|rf~753  ; Stuck at GND due to stuck port clock_enable ;
; riscvsingle:rvsingle|datapath:dp|regfile:rf|rf~721  ; Stuck at GND due to stuck port clock_enable ;
; riscvsingle:rvsingle|datapath:dp|regfile:rf|rf~1009 ; Stuck at GND due to stuck port clock_enable ;
; riscvsingle:rvsingle|datapath:dp|regfile:rf|rf~977  ; Stuck at GND due to stuck port clock_enable ;
; riscvsingle:rvsingle|datapath:dp|regfile:rf|rf~210  ; Stuck at GND due to stuck port clock_enable ;
; riscvsingle:rvsingle|datapath:dp|regfile:rf|rf~498  ; Stuck at GND due to stuck port clock_enable ;
; riscvsingle:rvsingle|datapath:dp|regfile:rf|rf~466  ; Stuck at GND due to stuck port clock_enable ;
; riscvsingle:rvsingle|datapath:dp|regfile:rf|rf~690  ; Stuck at GND due to stuck port clock_enable ;
; riscvsingle:rvsingle|datapath:dp|regfile:rf|rf~754  ; Stuck at GND due to stuck port clock_enable ;
; riscvsingle:rvsingle|datapath:dp|regfile:rf|rf~722  ; Stuck at GND due to stuck port clock_enable ;
; riscvsingle:rvsingle|datapath:dp|regfile:rf|rf~1010 ; Stuck at GND due to stuck port clock_enable ;
; riscvsingle:rvsingle|datapath:dp|regfile:rf|rf~978  ; Stuck at GND due to stuck port clock_enable ;
; riscvsingle:rvsingle|datapath:dp|regfile:rf|rf~211  ; Stuck at GND due to stuck port clock_enable ;
; riscvsingle:rvsingle|datapath:dp|regfile:rf|rf~499  ; Stuck at GND due to stuck port clock_enable ;
; riscvsingle:rvsingle|datapath:dp|regfile:rf|rf~467  ; Stuck at GND due to stuck port clock_enable ;
; riscvsingle:rvsingle|datapath:dp|regfile:rf|rf~691  ; Stuck at GND due to stuck port clock_enable ;
; riscvsingle:rvsingle|datapath:dp|regfile:rf|rf~755  ; Stuck at GND due to stuck port clock_enable ;
; riscvsingle:rvsingle|datapath:dp|regfile:rf|rf~723  ; Stuck at GND due to stuck port clock_enable ;
; riscvsingle:rvsingle|datapath:dp|regfile:rf|rf~1011 ; Stuck at GND due to stuck port clock_enable ;
; riscvsingle:rvsingle|datapath:dp|regfile:rf|rf~979  ; Stuck at GND due to stuck port clock_enable ;
; riscvsingle:rvsingle|datapath:dp|regfile:rf|rf~212  ; Stuck at GND due to stuck port clock_enable ;
; riscvsingle:rvsingle|datapath:dp|regfile:rf|rf~500  ; Stuck at GND due to stuck port clock_enable ;
; riscvsingle:rvsingle|datapath:dp|regfile:rf|rf~468  ; Stuck at GND due to stuck port clock_enable ;
; riscvsingle:rvsingle|datapath:dp|regfile:rf|rf~692  ; Stuck at GND due to stuck port clock_enable ;
; riscvsingle:rvsingle|datapath:dp|regfile:rf|rf~756  ; Stuck at GND due to stuck port clock_enable ;
; riscvsingle:rvsingle|datapath:dp|regfile:rf|rf~724  ; Stuck at GND due to stuck port clock_enable ;
; riscvsingle:rvsingle|datapath:dp|regfile:rf|rf~1012 ; Stuck at GND due to stuck port clock_enable ;
; riscvsingle:rvsingle|datapath:dp|regfile:rf|rf~980  ; Stuck at GND due to stuck port clock_enable ;
; riscvsingle:rvsingle|datapath:dp|regfile:rf|rf~213  ; Stuck at GND due to stuck port clock_enable ;
; riscvsingle:rvsingle|datapath:dp|regfile:rf|rf~501  ; Stuck at GND due to stuck port clock_enable ;
; riscvsingle:rvsingle|datapath:dp|regfile:rf|rf~469  ; Stuck at GND due to stuck port clock_enable ;
; riscvsingle:rvsingle|datapath:dp|regfile:rf|rf~693  ; Stuck at GND due to stuck port clock_enable ;
; riscvsingle:rvsingle|datapath:dp|regfile:rf|rf~757  ; Stuck at GND due to stuck port clock_enable ;
; riscvsingle:rvsingle|datapath:dp|regfile:rf|rf~725  ; Stuck at GND due to stuck port clock_enable ;
; riscvsingle:rvsingle|datapath:dp|regfile:rf|rf~1013 ; Stuck at GND due to stuck port clock_enable ;
; riscvsingle:rvsingle|datapath:dp|regfile:rf|rf~981  ; Stuck at GND due to stuck port clock_enable ;
; riscvsingle:rvsingle|datapath:dp|regfile:rf|rf~214  ; Stuck at GND due to stuck port clock_enable ;
; riscvsingle:rvsingle|datapath:dp|regfile:rf|rf~502  ; Stuck at GND due to stuck port clock_enable ;
; riscvsingle:rvsingle|datapath:dp|regfile:rf|rf~470  ; Stuck at GND due to stuck port clock_enable ;
; riscvsingle:rvsingle|datapath:dp|regfile:rf|rf~694  ; Stuck at GND due to stuck port clock_enable ;
; riscvsingle:rvsingle|datapath:dp|regfile:rf|rf~758  ; Stuck at GND due to stuck port clock_enable ;
; riscvsingle:rvsingle|datapath:dp|regfile:rf|rf~726  ; Stuck at GND due to stuck port clock_enable ;
; riscvsingle:rvsingle|datapath:dp|regfile:rf|rf~1014 ; Stuck at GND due to stuck port clock_enable ;
; riscvsingle:rvsingle|datapath:dp|regfile:rf|rf~982  ; Stuck at GND due to stuck port clock_enable ;
; riscvsingle:rvsingle|datapath:dp|regfile:rf|rf~215  ; Stuck at GND due to stuck port clock_enable ;
; riscvsingle:rvsingle|datapath:dp|regfile:rf|rf~503  ; Stuck at GND due to stuck port clock_enable ;
; riscvsingle:rvsingle|datapath:dp|regfile:rf|rf~471  ; Stuck at GND due to stuck port clock_enable ;
; riscvsingle:rvsingle|datapath:dp|regfile:rf|rf~695  ; Stuck at GND due to stuck port clock_enable ;
; riscvsingle:rvsingle|datapath:dp|regfile:rf|rf~759  ; Stuck at GND due to stuck port clock_enable ;
; riscvsingle:rvsingle|datapath:dp|regfile:rf|rf~727  ; Stuck at GND due to stuck port clock_enable ;
; riscvsingle:rvsingle|datapath:dp|regfile:rf|rf~1015 ; Stuck at GND due to stuck port clock_enable ;
; riscvsingle:rvsingle|datapath:dp|regfile:rf|rf~983  ; Stuck at GND due to stuck port clock_enable ;
; riscvsingle:rvsingle|datapath:dp|regfile:rf|rf~216  ; Stuck at GND due to stuck port clock_enable ;
; riscvsingle:rvsingle|datapath:dp|regfile:rf|rf~504  ; Stuck at GND due to stuck port clock_enable ;
; riscvsingle:rvsingle|datapath:dp|regfile:rf|rf~472  ; Stuck at GND due to stuck port clock_enable ;
; riscvsingle:rvsingle|datapath:dp|regfile:rf|rf~696  ; Stuck at GND due to stuck port clock_enable ;
; riscvsingle:rvsingle|datapath:dp|regfile:rf|rf~760  ; Stuck at GND due to stuck port clock_enable ;
; riscvsingle:rvsingle|datapath:dp|regfile:rf|rf~728  ; Stuck at GND due to stuck port clock_enable ;
; riscvsingle:rvsingle|datapath:dp|regfile:rf|rf~1016 ; Stuck at GND due to stuck port clock_enable ;
; riscvsingle:rvsingle|datapath:dp|regfile:rf|rf~984  ; Stuck at GND due to stuck port clock_enable ;
; riscvsingle:rvsingle|datapath:dp|regfile:rf|rf~217  ; Stuck at GND due to stuck port clock_enable ;
; riscvsingle:rvsingle|datapath:dp|regfile:rf|rf~505  ; Stuck at GND due to stuck port clock_enable ;
; riscvsingle:rvsingle|datapath:dp|regfile:rf|rf~473  ; Stuck at GND due to stuck port clock_enable ;
; riscvsingle:rvsingle|datapath:dp|regfile:rf|rf~697  ; Stuck at GND due to stuck port clock_enable ;
; riscvsingle:rvsingle|datapath:dp|regfile:rf|rf~761  ; Stuck at GND due to stuck port clock_enable ;
; riscvsingle:rvsingle|datapath:dp|regfile:rf|rf~729  ; Stuck at GND due to stuck port clock_enable ;
; riscvsingle:rvsingle|datapath:dp|regfile:rf|rf~1017 ; Stuck at GND due to stuck port clock_enable ;
; riscvsingle:rvsingle|datapath:dp|regfile:rf|rf~985  ; Stuck at GND due to stuck port clock_enable ;
; riscvsingle:rvsingle|datapath:dp|regfile:rf|rf~218  ; Stuck at GND due to stuck port clock_enable ;
; riscvsingle:rvsingle|datapath:dp|regfile:rf|rf~506  ; Stuck at GND due to stuck port clock_enable ;
; riscvsingle:rvsingle|datapath:dp|regfile:rf|rf~474  ; Stuck at GND due to stuck port clock_enable ;
; riscvsingle:rvsingle|datapath:dp|regfile:rf|rf~698  ; Stuck at GND due to stuck port clock_enable ;
; riscvsingle:rvsingle|datapath:dp|regfile:rf|rf~762  ; Stuck at GND due to stuck port clock_enable ;
; riscvsingle:rvsingle|datapath:dp|regfile:rf|rf~730  ; Stuck at GND due to stuck port clock_enable ;
; riscvsingle:rvsingle|datapath:dp|regfile:rf|rf~1018 ; Stuck at GND due to stuck port clock_enable ;
; riscvsingle:rvsingle|datapath:dp|regfile:rf|rf~986  ; Stuck at GND due to stuck port clock_enable ;
; riscvsingle:rvsingle|datapath:dp|regfile:rf|rf~219  ; Stuck at GND due to stuck port clock_enable ;
; riscvsingle:rvsingle|datapath:dp|regfile:rf|rf~507  ; Stuck at GND due to stuck port clock_enable ;
; riscvsingle:rvsingle|datapath:dp|regfile:rf|rf~475  ; Stuck at GND due to stuck port clock_enable ;
; riscvsingle:rvsingle|datapath:dp|regfile:rf|rf~699  ; Stuck at GND due to stuck port clock_enable ;
; riscvsingle:rvsingle|datapath:dp|regfile:rf|rf~763  ; Stuck at GND due to stuck port clock_enable ;
; riscvsingle:rvsingle|datapath:dp|regfile:rf|rf~731  ; Stuck at GND due to stuck port clock_enable ;
; riscvsingle:rvsingle|datapath:dp|regfile:rf|rf~1019 ; Stuck at GND due to stuck port clock_enable ;
; riscvsingle:rvsingle|datapath:dp|regfile:rf|rf~987  ; Stuck at GND due to stuck port clock_enable ;
; riscvsingle:rvsingle|datapath:dp|regfile:rf|rf~220  ; Stuck at GND due to stuck port clock_enable ;
; riscvsingle:rvsingle|datapath:dp|regfile:rf|rf~508  ; Stuck at GND due to stuck port clock_enable ;
; riscvsingle:rvsingle|datapath:dp|regfile:rf|rf~476  ; Stuck at GND due to stuck port clock_enable ;
; riscvsingle:rvsingle|datapath:dp|regfile:rf|rf~700  ; Stuck at GND due to stuck port clock_enable ;
; riscvsingle:rvsingle|datapath:dp|regfile:rf|rf~764  ; Stuck at GND due to stuck port clock_enable ;
; riscvsingle:rvsingle|datapath:dp|regfile:rf|rf~732  ; Stuck at GND due to stuck port clock_enable ;
; riscvsingle:rvsingle|datapath:dp|regfile:rf|rf~1020 ; Stuck at GND due to stuck port clock_enable ;
; riscvsingle:rvsingle|datapath:dp|regfile:rf|rf~988  ; Stuck at GND due to stuck port clock_enable ;
; riscvsingle:rvsingle|datapath:dp|regfile:rf|rf~221  ; Stuck at GND due to stuck port clock_enable ;
; riscvsingle:rvsingle|datapath:dp|regfile:rf|rf~509  ; Stuck at GND due to stuck port clock_enable ;
; riscvsingle:rvsingle|datapath:dp|regfile:rf|rf~477  ; Stuck at GND due to stuck port clock_enable ;
; riscvsingle:rvsingle|datapath:dp|regfile:rf|rf~701  ; Stuck at GND due to stuck port clock_enable ;
; riscvsingle:rvsingle|datapath:dp|regfile:rf|rf~765  ; Stuck at GND due to stuck port clock_enable ;
; riscvsingle:rvsingle|datapath:dp|regfile:rf|rf~733  ; Stuck at GND due to stuck port clock_enable ;
; riscvsingle:rvsingle|datapath:dp|regfile:rf|rf~1021 ; Stuck at GND due to stuck port clock_enable ;
; riscvsingle:rvsingle|datapath:dp|regfile:rf|rf~989  ; Stuck at GND due to stuck port clock_enable ;
; riscvsingle:rvsingle|datapath:dp|regfile:rf|rf~222  ; Stuck at GND due to stuck port clock_enable ;
; riscvsingle:rvsingle|datapath:dp|regfile:rf|rf~510  ; Stuck at GND due to stuck port clock_enable ;
; riscvsingle:rvsingle|datapath:dp|regfile:rf|rf~478  ; Stuck at GND due to stuck port clock_enable ;
; riscvsingle:rvsingle|datapath:dp|regfile:rf|rf~702  ; Stuck at GND due to stuck port clock_enable ;
; riscvsingle:rvsingle|datapath:dp|regfile:rf|rf~766  ; Stuck at GND due to stuck port clock_enable ;
; riscvsingle:rvsingle|datapath:dp|regfile:rf|rf~734  ; Stuck at GND due to stuck port clock_enable ;
; riscvsingle:rvsingle|datapath:dp|regfile:rf|rf~1022 ; Stuck at GND due to stuck port clock_enable ;
; riscvsingle:rvsingle|datapath:dp|regfile:rf|rf~990  ; Stuck at GND due to stuck port clock_enable ;
; riscvsingle:rvsingle|datapath:dp|regfile:rf|rf~223  ; Stuck at GND due to stuck port clock_enable ;
; riscvsingle:rvsingle|datapath:dp|regfile:rf|rf~511  ; Stuck at GND due to stuck port clock_enable ;
; riscvsingle:rvsingle|datapath:dp|regfile:rf|rf~479  ; Stuck at GND due to stuck port clock_enable ;
; riscvsingle:rvsingle|datapath:dp|regfile:rf|rf~703  ; Stuck at GND due to stuck port clock_enable ;
; riscvsingle:rvsingle|datapath:dp|regfile:rf|rf~767  ; Stuck at GND due to stuck port clock_enable ;
; riscvsingle:rvsingle|datapath:dp|regfile:rf|rf~735  ; Stuck at GND due to stuck port clock_enable ;
; riscvsingle:rvsingle|datapath:dp|regfile:rf|rf~1023 ; Stuck at GND due to stuck port clock_enable ;
; riscvsingle:rvsingle|datapath:dp|regfile:rf|rf~991  ; Stuck at GND due to stuck port clock_enable ;
; Total Number of Removed Registers = 256             ;                                             ;
+-----------------------------------------------------+---------------------------------------------+


+------------------------------------------------------+
; General Register Statistics                          ;
+----------------------------------------------+-------+
; Statistic                                    ; Value ;
+----------------------------------------------+-------+
; Total registers                              ; 2848  ;
; Number of registers using Synchronous Clear  ; 0     ;
; Number of registers using Synchronous Load   ; 30    ;
; Number of registers using Asynchronous Clear ; 32    ;
; Number of registers using Asynchronous Load  ; 0     ;
; Number of registers using Clock Enable       ; 2818  ;
; Number of registers using Preset             ; 0     ;
+----------------------------------------------+-------+


+--------------------------------------------------------------------------------------------------------------------------------------------------------------------------+
; Multiplexer Restructuring Statistics (Restructuring Performed)                                                                                                           ;
+--------------------+-----------+---------------+----------------------+------------------------+------------+------------------------------------------------------------+
; Multiplexer Inputs ; Bus Width ; Baseline Area ; Area if Restructured ; Saving if Restructured ; Registered ; Example Multiplexer Output                                 ;
+--------------------+-----------+---------------+----------------------+------------------------+------------+------------------------------------------------------------+
; 3:1                ; 32 bits   ; 64 LEs        ; 64 LEs               ; 0 LEs                  ; No         ; |top|riscvsingle:rvsingle|datapath:dp|mux3:resultmux|y[24] ;
; 6:1                ; 31 bits   ; 124 LEs       ; 93 LEs               ; 31 LEs                 ; No         ; |top|riscvsingle:rvsingle|datapath:dp|alu:alu|Mux15        ;
+--------------------+-----------+---------------+----------------------+------------------------+------------+------------------------------------------------------------+


+-------------------------------------------------------------------------------------------+
; Parameter Settings for User Entity Instance: riscvsingle:rvsingle|datapath:dp|flopr:pcreg ;
+----------------+-------+------------------------------------------------------------------+
; Parameter Name ; Value ; Type                                                             ;
+----------------+-------+------------------------------------------------------------------+
; WIDTH          ; 32    ; Signed Integer                                                   ;
+----------------+-------+------------------------------------------------------------------+
Note: In order to hide this table in the UI and the text report file, please set the "Show Parameter Settings in Synthesis Report" option in "Analysis and Synthesis Settings -> More Settings" to "Off".


+------------------------------------------------------------------------------------------+
; Parameter Settings for User Entity Instance: riscvsingle:rvsingle|datapath:dp|mux2:pcmux ;
+----------------+-------+-----------------------------------------------------------------+
; Parameter Name ; Value ; Type                                                            ;
+----------------+-------+-----------------------------------------------------------------+
; WIDTH          ; 32    ; Signed Integer                                                  ;
+----------------+-------+-----------------------------------------------------------------+
Note: In order to hide this table in the UI and the text report file, please set the "Show Parameter Settings in Synthesis Report" option in "Analysis and Synthesis Settings -> More Settings" to "Off".


+--------------------------------------------------------------------------------------------+
; Parameter Settings for User Entity Instance: riscvsingle:rvsingle|datapath:dp|mux2:srcbmux ;
+----------------+-------+-------------------------------------------------------------------+
; Parameter Name ; Value ; Type                                                              ;
+----------------+-------+-------------------------------------------------------------------+
; WIDTH          ; 32    ; Signed Integer                                                    ;
+----------------+-------+-------------------------------------------------------------------+
Note: In order to hide this table in the UI and the text report file, please set the "Show Parameter Settings in Synthesis Report" option in "Analysis and Synthesis Settings -> More Settings" to "Off".


+----------------------------------------------------------------------------------------------+
; Parameter Settings for User Entity Instance: riscvsingle:rvsingle|datapath:dp|mux3:resultmux ;
+----------------+-------+---------------------------------------------------------------------+
; Parameter Name ; Value ; Type                                                                ;
+----------------+-------+---------------------------------------------------------------------+
; WIDTH          ; 32    ; Signed Integer                                                      ;
+----------------+-------+---------------------------------------------------------------------+
Note: In order to hide this table in the UI and the text report file, please set the "Show Parameter Settings in Synthesis Report" option in "Analysis and Synthesis Settings -> More Settings" to "Off".


+---------------------------------------------------------------------------+
; Port Connectivity Checks: "riscvsingle:rvsingle|datapath:dp|adder:pcadd4" ;
+----------+-------+----------+---------------------------------------------+
; Port     ; Type  ; Severity ; Details                                     ;
+----------+-------+----------+---------------------------------------------+
; b[31..3] ; Input ; Info     ; Stuck at GND                                ;
; b[1..0]  ; Input ; Info     ; Stuck at GND                                ;
; b[2]     ; Input ; Info     ; Stuck at VCC                                ;
+----------+-------+----------+---------------------------------------------+


+----------------------------------------------------------------------------------------------------------------+
; Port Connectivity Checks: "riscvsingle:rvsingle|controller:c"                                                  ;
+------+--------+----------+-------------------------------------------------------------------------------------+
; Port ; Type   ; Severity ; Details                                                                             ;
+------+--------+----------+-------------------------------------------------------------------------------------+
; Jump ; Output ; Info     ; Connected to dangling logic. Logic that only feeds a dangling port will be removed. ;
+------+--------+----------+-------------------------------------------------------------------------------------+


+-----------------------------------------------------+
; Post-Synthesis Netlist Statistics for Top Partition ;
+-----------------------+-----------------------------+
; Type                  ; Count                       ;
+-----------------------+-----------------------------+
; arriav_ff             ; 2848                        ;
;     CLR SLD           ; 30                          ;
;     ENA               ; 2816                        ;
;     ENA CLR           ; 2                           ;
; arriav_lcell_comb     ; 1603                        ;
;     arith             ; 95                          ;
;         1 data inputs ; 30                          ;
;         2 data inputs ; 15                          ;
;         3 data inputs ; 3                           ;
;         4 data inputs ; 2                           ;
;         5 data inputs ; 45                          ;
;     extend            ; 161                         ;
;         7 data inputs ; 161                         ;
;     normal            ; 1347                        ;
;         2 data inputs ; 140                         ;
;         3 data inputs ; 40                          ;
;         4 data inputs ; 111                         ;
;         5 data inputs ; 159                         ;
;         6 data inputs ; 897                         ;
; boundary_port         ; 67                          ;
;                       ;                             ;
; Max LUT depth         ; 11.90                       ;
; Average LUT depth     ; 7.27                        ;
+-----------------------+-----------------------------+


+-------------------------------+
; Elapsed Time Per Partition    ;
+----------------+--------------+
; Partition Name ; Elapsed Time ;
+----------------+--------------+
; Top            ; 00:00:04     ;
+----------------+--------------+


+-------------------------------+
; Analysis & Synthesis Messages ;
+-------------------------------+
Info: *******************************************************************
Info: Running Quartus Prime Analysis & Synthesis
    Info: Version 25.1std.0 Build 1129 10/21/2025 SC Lite Edition
    Info: Processing started: Tue Apr  7 11:23:02 2026
Info: Command: quartus_map --read_settings_files=on --write_settings_files=off single_cycle_processor -c single_cycle_processor
Warning (18236): Number of processors has not been specified which may cause overloading on shared machines.  Set the global assignment NUM_PARALLEL_PROCESSORS in your QSF to an appropriate value for best performance.
Info (20030): Parallel compilation is enabled and will use 10 of the 10 processors detected
Info (12021): Found 1 design units, including 1 entities, in source file single_cycle_processor.sv
    Info (12023): Found entity 1: riscvsingle File: C:/Users/jenpz/Documents/Ders/ele432/quartus projects/pre2/single_cycle_processor.sv Line: 1
Info (12021): Found 1 design units, including 1 entities, in source file controller.sv
    Info (12023): Found entity 1: controller File: C:/Users/jenpz/Documents/Ders/ele432/quartus projects/pre2/controller.sv Line: 1
Info (12021): Found 1 design units, including 1 entities, in source file maindec.sv
    Info (12023): Found entity 1: maindec File: C:/Users/jenpz/Documents/Ders/ele432/quartus projects/pre2/maindec.sv Line: 1
Info (12021): Found 1 design units, including 1 entities, in source file aludec.sv
    Info (12023): Found entity 1: aludec File: C:/Users/jenpz/Documents/Ders/ele432/quartus projects/pre2/aludec.sv Line: 1
Info (12021): Found 1 design units, including 1 entities, in source file datapath.sv
    Info (12023): Found entity 1: datapath File: C:/Users/jenpz/Documents/Ders/ele432/quartus projects/pre2/datapath.sv Line: 1
Info (12021): Found 1 design units, including 1 entities, in source file adder.sv
    Info (12023): Found entity 1: adder File: C:/Users/jenpz/Documents/Ders/ele432/quartus projects/pre2/adder.sv Line: 1
Info (12021): Found 1 design units, including 1 entities, in source file extend.sv
    Info (12023): Found entity 1: extend File: C:/Users/jenpz/Documents/Ders/ele432/quartus projects/pre2/extend.sv Line: 1
Info (12021): Found 1 design units, including 1 entities, in source file flopr.sv
    Info (12023): Found entity 1: flopr File: C:/Users/jenpz/Documents/Ders/ele432/quartus projects/pre2/flopr.sv Line: 1
Info (12021): Found 1 design units, including 1 entities, in source file flopenr.sv
    Info (12023): Found entity 1: flopenr File: C:/Users/jenpz/Documents/Ders/ele432/quartus projects/pre2/flopenr.sv Line: 1
Info (12021): Found 1 design units, including 1 entities, in source file mux2.sv
    Info (12023): Found entity 1: mux2 File: C:/Users/jenpz/Documents/Ders/ele432/quartus projects/pre2/mux2.sv Line: 1
Info (12021): Found 1 design units, including 1 entities, in source file mux3.sv
    Info (12023): Found entity 1: mux3 File: C:/Users/jenpz/Documents/Ders/ele432/quartus projects/pre2/mux3.sv Line: 1
Info (12021): Found 1 design units, including 1 entities, in source file top.sv
    Info (12023): Found entity 1: top File: C:/Users/jenpz/Documents/Ders/ele432/quartus projects/pre2/top.sv Line: 1
Info (12021): Found 1 design units, including 1 entities, in source file testbench.sv
    Info (12023): Found entity 1: testbench File: C:/Users/jenpz/Documents/Ders/ele432/quartus projects/pre2/testbench.sv Line: 1
Info (12021): Found 1 design units, including 1 entities, in source file imem.sv
    Info (12023): Found entity 1: imem File: C:/Users/jenpz/Documents/Ders/ele432/quartus projects/pre2/imem.sv Line: 1
Info (12021): Found 1 design units, including 1 entities, in source file dmem.sv
    Info (12023): Found entity 1: dmem File: C:/Users/jenpz/Documents/Ders/ele432/quartus projects/pre2/dmem.sv Line: 1
Info (12021): Found 1 design units, including 1 entities, in source file regfile.sv
    Info (12023): Found entity 1: regfile File: C:/Users/jenpz/Documents/Ders/ele432/quartus projects/pre2/regfile.sv Line: 1
Info (12021): Found 1 design units, including 1 entities, in source file alu.sv
    Info (12023): Found entity 1: alu File: C:/Users/jenpz/Documents/Ders/ele432/quartus projects/pre2/alu.sv Line: 1
Warning (10236): Verilog HDL Implicit Net warning at single_cycle_processor.sv(11): created implicit net for "PCSrc" File: C:/Users/jenpz/Documents/Ders/ele432/quartus projects/pre2/single_cycle_processor.sv Line: 11
Info (12127): Elaborating entity "top" for the top level hierarchy
Info (12128): Elaborating entity "riscvsingle" for hierarchy "riscvsingle:rvsingle" File: C:/Users/jenpz/Documents/Ders/ele432/quartus projects/pre2/top.sv Line: 7
Info (12128): Elaborating entity "controller" for hierarchy "riscvsingle:rvsingle|controller:c" File: C:/Users/jenpz/Documents/Ders/ele432/quartus projects/pre2/single_cycle_processor.sv Line: 13
Info (12128): Elaborating entity "maindec" for hierarchy "riscvsingle:rvsingle|controller:c|maindec:md" File: C:/Users/jenpz/Documents/Ders/ele432/quartus projects/pre2/controller.sv Line: 14
Info (12128): Elaborating entity "aludec" for hierarchy "riscvsingle:rvsingle|controller:c|aludec:ad" File: C:/Users/jenpz/Documents/Ders/ele432/quartus projects/pre2/controller.sv Line: 15
Info (12128): Elaborating entity "datapath" for hierarchy "riscvsingle:rvsingle|datapath:dp" File: C:/Users/jenpz/Documents/Ders/ele432/quartus projects/pre2/single_cycle_processor.sv Line: 18
Info (12128): Elaborating entity "flopr" for hierarchy "riscvsingle:rvsingle|datapath:dp|flopr:pcreg" File: C:/Users/jenpz/Documents/Ders/ele432/quartus projects/pre2/datapath.sv Line: 17
Info (12128): Elaborating entity "adder" for hierarchy "riscvsingle:rvsingle|datapath:dp|adder:pcadd4" File: C:/Users/jenpz/Documents/Ders/ele432/quartus projects/pre2/datapath.sv Line: 18
Info (12128): Elaborating entity "mux2" for hierarchy "riscvsingle:rvsingle|datapath:dp|mux2:pcmux" File: C:/Users/jenpz/Documents/Ders/ele432/quartus projects/pre2/datapath.sv Line: 20
Info (12128): Elaborating entity "regfile" for hierarchy "riscvsingle:rvsingle|datapath:dp|regfile:rf" File: C:/Users/jenpz/Documents/Ders/ele432/quartus projects/pre2/datapath.sv Line: 23
Info (12128): Elaborating entity "extend" for hierarchy "riscvsingle:rvsingle|datapath:dp|extend:ext" File: C:/Users/jenpz/Documents/Ders/ele432/quartus projects/pre2/datapath.sv Line: 24
Info (12128): Elaborating entity "alu" for hierarchy "riscvsingle:rvsingle|datapath:dp|alu:alu" File: C:/Users/jenpz/Documents/Ders/ele432/quartus projects/pre2/datapath.sv Line: 27
Info (12128): Elaborating entity "mux3" for hierarchy "riscvsingle:rvsingle|datapath:dp|mux3:resultmux" File: C:/Users/jenpz/Documents/Ders/ele432/quartus projects/pre2/datapath.sv Line: 29
Info (12128): Elaborating entity "imem" for hierarchy "imem:imem" File: C:/Users/jenpz/Documents/Ders/ele432/quartus projects/pre2/top.sv Line: 8
Warning (10850): Verilog HDL warning at imem.sv(5): number of words (22) in memory file does not match the number of elements in the address range [0:63] File: C:/Users/jenpz/Documents/Ders/ele432/quartus projects/pre2/imem.sv Line: 5
Warning (10030): Net "RAM.data_a" at imem.sv(3) has no driver or initial value, using a default initial value '0' File: C:/Users/jenpz/Documents/Ders/ele432/quartus projects/pre2/imem.sv Line: 3
Warning (10030): Net "RAM.waddr_a" at imem.sv(3) has no driver or initial value, using a default initial value '0' File: C:/Users/jenpz/Documents/Ders/ele432/quartus projects/pre2/imem.sv Line: 3
Warning (10030): Net "RAM.we_a" at imem.sv(3) has no driver or initial value, using a default initial value '0' File: C:/Users/jenpz/Documents/Ders/ele432/quartus projects/pre2/imem.sv Line: 3
Info (12128): Elaborating entity "dmem" for hierarchy "dmem:dmem" File: C:/Users/jenpz/Documents/Ders/ele432/quartus projects/pre2/top.sv Line: 9
Info (276014): Found 3 instances of uninferred RAM logic
    Info (276007): RAM logic "dmem:dmem|RAM" is uninferred due to asynchronous read logic File: C:/Users/jenpz/Documents/Ders/ele432/quartus projects/pre2/dmem.sv Line: 4
    Info (276004): RAM logic "imem:imem|RAM" is uninferred due to inappropriate RAM size File: C:/Users/jenpz/Documents/Ders/ele432/quartus projects/pre2/imem.sv Line: 3
    Info (276007): RAM logic "riscvsingle:rvsingle|datapath:dp|regfile:rf|rf" is uninferred due to asynchronous read logic File: C:/Users/jenpz/Documents/Ders/ele432/quartus projects/pre2/regfile.sv Line: 8
Warning (127007): Memory Initialization File or Hexadecimal (Intel-Format) File "C:/Users/jenpz/Documents/Ders/ele432/quartus projects/pre2/db/single_cycle_processor.ram0_imem_37c714.hdl.mif" contains "don't care" values -- overwriting them with 0s
Info (286030): Timing-Driven Synthesis is running
Info (144001): Generated suppressed messages file C:/Users/jenpz/Documents/Ders/ele432/quartus projects/pre2/output_files/single_cycle_processor.map.smsg
Info (16010): Generating hard_block partition "hard_block:auto_generated_inst"
    Info (16011): Adding 0 node(s), including 0 DDIO, 0 PLL, 0 transceiver and 0 LCELL
Info (21057): Implemented 4486 device resources after synthesis - the final resource count might be different
    Info (21058): Implemented 2 input pins
    Info (21059): Implemented 65 output pins
    Info (21061): Implemented 4419 logic cells
Info: Quartus Prime Analysis & Synthesis was successful. 0 errors, 7 warnings
    Info: Peak virtual memory: 4929 megabytes
    Info: Processing ended: Tue Apr  7 11:23:37 2026
    Info: Elapsed time: 00:00:35
    Info: Total CPU time (on all processors): 00:00:25


+------------------------------------------+
; Analysis & Synthesis Suppressed Messages ;
+------------------------------------------+
The suppressed messages can be found in C:/Users/jenpz/Documents/Ders/ele432/quartus projects/pre2/output_files/single_cycle_processor.map.smsg.


